<?xml version="1.0" encoding="UTF-8"?>
<!-- Generated by org.testng.reporters.JUnitReportReporter -->
<testsuite skipped="0" hostname="Nourhane-Mahrous" name="Runner.testRunner" tests="1" failures="0" timestamp="09 Mar 2024 16:38:04 GMT" time="24.141" errors="0">
  <testcase name="runScenario" time="24.141" classname="Runner.testRunner"/>
</testsuite> <!-- Runner.testRunner -->
